{"D:\\Files\\Codes\\Full-Stack-Open\\follow-throughs\\part5\\frontend\\src\\App.jsx": {"path":"D:\\Files\\Codes\\Full-Stack-Open\\follow-throughs\\part5\\frontend\\src\\App.jsx","statementMap":{"0":{"start":{"line":12,"column":12},"end":{"line":168,"column":1}},"1":{"start":{"line":13,"column":28},"end":{"line":13,"column":40}},"2":{"start":{"line":14,"column":32},"end":{"line":14,"column":46}},"3":{"start":{"line":15,"column":42},"end":{"line":15,"column":56}},"4":{"start":{"line":16,"column":34},"end":{"line":16,"column":46}},"5":{"start":{"line":17,"column":34},"end":{"line":17,"column":46}},"6":{"start":{"line":18,"column":26},"end":{"line":18,"column":40}},"7":{"start":{"line":19,"column":42},"end":{"line":19,"column":57}},"8":{"start":{"line":21,"column":2},"end":{"line":27,"column":8}},"9":{"start":{"line":22,"column":4},"end":{"line":26,"column":8}},"10":{"start":{"line":25,"column":8},"end":{"line":25,"column":30}},"11":{"start":{"line":29,"column":2},"end":{"line":36,"column":8}},"12":{"start":{"line":30,"column":27},"end":{"line":30,"column":75}},"13":{"start":{"line":31,"column":4},"end":{"line":35,"column":5}},"14":{"start":{"line":32,"column":19},"end":{"line":32,"column":45}},"15":{"start":{"line":33,"column":6},"end":{"line":33,"column":19}},"16":{"start":{"line":34,"column":6},"end":{"line":34,"column":38}},"17":{"start":{"line":38,"column":18},"end":{"line":52,"column":3}},"18":{"start":{"line":39,"column":4},"end":{"line":39,"column":42}},"19":{"start":{"line":40,"column":4},"end":{"line":51,"column":8}},"20":{"start":{"line":43,"column":8},"end":{"line":43,"column":44}},"21":{"start":{"line":46,"column":8},"end":{"line":46,"column":26}},"22":{"start":{"line":47,"column":8},"end":{"line":47,"column":50}},"23":{"start":{"line":48,"column":8},"end":{"line":50,"column":15}},"24":{"start":{"line":49,"column":10},"end":{"line":49,"column":31}},"25":{"start":{"line":54,"column":29},"end":{"line":71,"column":3}},"26":{"start":{"line":55,"column":17},"end":{"line":55,"column":45}},"27":{"start":{"line":55,"column":33},"end":{"line":55,"column":44}},"28":{"start":{"line":56,"column":24},"end":{"line":56,"column":63}},"29":{"start":{"line":58,"column":4},"end":{"line":70,"column":8}},"30":{"start":{"line":61,"column":8},"end":{"line":61,"column":73}},"31":{"start":{"line":61,"column":35},"end":{"line":61,"column":71}},"32":{"start":{"line":64,"column":8},"end":{"line":66,"column":9}},"33":{"start":{"line":67,"column":8},"end":{"line":69,"column":16}},"34":{"start":{"line":68,"column":10},"end":{"line":68,"column":31}},"35":{"start":{"line":73,"column":22},"end":{"line":93,"column":3}},"36":{"start":{"line":74,"column":4},"end":{"line":74,"column":26}},"37":{"start":{"line":75,"column":4},"end":{"line":92,"column":5}},"38":{"start":{"line":76,"column":19},"end":{"line":78,"column":8}},"39":{"start":{"line":80,"column":6},"end":{"line":82,"column":7}},"40":{"start":{"line":83,"column":6},"end":{"line":83,"column":38}},"41":{"start":{"line":84,"column":6},"end":{"line":84,"column":19}},"42":{"start":{"line":85,"column":6},"end":{"line":85,"column":21}},"43":{"start":{"line":86,"column":6},"end":{"line":86,"column":21}},"44":{"start":{"line":88,"column":6},"end":{"line":88,"column":42}},"45":{"start":{"line":89,"column":6},"end":{"line":91,"column":14}},"46":{"start":{"line":90,"column":8},"end":{"line":90,"column":29}},"47":{"start":{"line":95,"column":23},"end":{"line":99,"column":3}},"48":{"start":{"line":96,"column":4},"end":{"line":96,"column":55}},"49":{"start":{"line":97,"column":4},"end":{"line":97,"column":30}},"50":{"start":{"line":98,"column":4},"end":{"line":98,"column":17}},"51":{"start":{"line":101,"column":20},"end":{"line":122,"column":3}},"52":{"start":{"line":102,"column":28},"end":{"line":102,"column":67}},"53":{"start":{"line":103,"column":28},"end":{"line":103,"column":67}},"54":{"start":{"line":105,"column":4},"end":{"line":121,"column":5}},"55":{"start":{"line":108,"column":33},"end":{"line":108,"column":54}},"56":{"start":{"line":114,"column":50},"end":{"line":114,"column":75}},"57":{"start":{"line":115,"column":50},"end":{"line":115,"column":75}},"58":{"start":{"line":118,"column":33},"end":{"line":118,"column":55}},"59":{"start":{"line":124,"column":22},"end":{"line":124,"column":30}},"60":{"start":{"line":126,"column":19},"end":{"line":130,"column":3}},"61":{"start":{"line":127,"column":4},"end":{"line":129,"column":16}},"62":{"start":{"line":132,"column":22},"end":{"line":134,"column":42}},"63":{"start":{"line":134,"column":27},"end":{"line":134,"column":41}},"64":{"start":{"line":136,"column":2},"end":{"line":167,"column":3}},"65":{"start":{"line":151,"column":31},"end":{"line":151,"column":51}},"66":{"start":{"line":157,"column":10},"end":{"line":161,"column":12}},"67":{"start":{"line":160,"column":36},"end":{"line":160,"column":63}}},"fnMap":{"0":{"name":"(anonymous_0)","decl":{"start":{"line":12,"column":12},"end":{"line":12,"column":13}},"loc":{"start":{"line":12,"column":18},"end":{"line":168,"column":1}},"line":12},"1":{"name":"(anonymous_1)","decl":{"start":{"line":21,"column":12},"end":{"line":21,"column":13}},"loc":{"start":{"line":21,"column":18},"end":{"line":27,"column":3}},"line":21},"2":{"name":"(anonymous_2)","decl":{"start":{"line":24,"column":12},"end":{"line":24,"column":13}},"loc":{"start":{"line":24,"column":28},"end":{"line":26,"column":7}},"line":24},"3":{"name":"(anonymous_3)","decl":{"start":{"line":29,"column":12},"end":{"line":29,"column":13}},"loc":{"start":{"line":29,"column":18},"end":{"line":36,"column":3}},"line":29},"4":{"name":"(anonymous_4)","decl":{"start":{"line":38,"column":18},"end":{"line":38,"column":19}},"loc":{"start":{"line":38,"column":34},"end":{"line":52,"column":3}},"line":38},"5":{"name":"(anonymous_5)","decl":{"start":{"line":42,"column":12},"end":{"line":42,"column":13}},"loc":{"start":{"line":42,"column":28},"end":{"line":44,"column":7}},"line":42},"6":{"name":"(anonymous_6)","decl":{"start":{"line":45,"column":13},"end":{"line":45,"column":14}},"loc":{"start":{"line":45,"column":22},"end":{"line":51,"column":7}},"line":45},"7":{"name":"(anonymous_7)","decl":{"start":{"line":48,"column":19},"end":{"line":48,"column":20}},"loc":{"start":{"line":48,"column":25},"end":{"line":50,"column":9}},"line":48},"8":{"name":"(anonymous_8)","decl":{"start":{"line":54,"column":29},"end":{"line":54,"column":30}},"loc":{"start":{"line":54,"column":35},"end":{"line":71,"column":3}},"line":54},"9":{"name":"(anonymous_9)","decl":{"start":{"line":55,"column":28},"end":{"line":55,"column":29}},"loc":{"start":{"line":55,"column":33},"end":{"line":55,"column":44}},"line":55},"10":{"name":"(anonymous_10)","decl":{"start":{"line":60,"column":12},"end":{"line":60,"column":13}},"loc":{"start":{"line":60,"column":28},"end":{"line":62,"column":7}},"line":60},"11":{"name":"(anonymous_11)","decl":{"start":{"line":61,"column":27},"end":{"line":61,"column":28}},"loc":{"start":{"line":61,"column":35},"end":{"line":61,"column":71}},"line":61},"12":{"name":"(anonymous_12)","decl":{"start":{"line":63,"column":13},"end":{"line":63,"column":14}},"loc":{"start":{"line":63,"column":22},"end":{"line":70,"column":7}},"line":63},"13":{"name":"(anonymous_13)","decl":{"start":{"line":67,"column":19},"end":{"line":67,"column":20}},"loc":{"start":{"line":67,"column":25},"end":{"line":69,"column":9}},"line":67},"14":{"name":"(anonymous_14)","decl":{"start":{"line":73,"column":22},"end":{"line":73,"column":23}},"loc":{"start":{"line":73,"column":39},"end":{"line":93,"column":3}},"line":73},"15":{"name":"(anonymous_15)","decl":{"start":{"line":89,"column":17},"end":{"line":89,"column":18}},"loc":{"start":{"line":89,"column":23},"end":{"line":91,"column":7}},"line":89},"16":{"name":"(anonymous_16)","decl":{"start":{"line":95,"column":23},"end":{"line":95,"column":24}},"loc":{"start":{"line":95,"column":29},"end":{"line":99,"column":3}},"line":95},"17":{"name":"(anonymous_17)","decl":{"start":{"line":101,"column":20},"end":{"line":101,"column":21}},"loc":{"start":{"line":101,"column":26},"end":{"line":122,"column":3}},"line":101},"18":{"name":"(anonymous_18)","decl":{"start":{"line":108,"column":27},"end":{"line":108,"column":28}},"loc":{"start":{"line":108,"column":33},"end":{"line":108,"column":54}},"line":108},"19":{"name":"(anonymous_19)","decl":{"start":{"line":114,"column":34},"end":{"line":114,"column":35}},"loc":{"start":{"line":114,"column":50},"end":{"line":114,"column":75}},"line":114},"20":{"name":"(anonymous_20)","decl":{"start":{"line":115,"column":34},"end":{"line":115,"column":35}},"loc":{"start":{"line":115,"column":50},"end":{"line":115,"column":75}},"line":115},"21":{"name":"(anonymous_21)","decl":{"start":{"line":118,"column":27},"end":{"line":118,"column":28}},"loc":{"start":{"line":118,"column":33},"end":{"line":118,"column":55}},"line":118},"22":{"name":"(anonymous_22)","decl":{"start":{"line":126,"column":19},"end":{"line":126,"column":20}},"loc":{"start":{"line":127,"column":4},"end":{"line":129,"column":16}},"line":127},"23":{"name":"(anonymous_23)","decl":{"start":{"line":134,"column":19},"end":{"line":134,"column":20}},"loc":{"start":{"line":134,"column":27},"end":{"line":134,"column":41}},"line":134},"24":{"name":"(anonymous_24)","decl":{"start":{"line":151,"column":25},"end":{"line":151,"column":26}},"loc":{"start":{"line":151,"column":31},"end":{"line":151,"column":51}},"line":151},"25":{"name":"(anonymous_25)","decl":{"start":{"line":156,"column":25},"end":{"line":156,"column":26}},"loc":{"start":{"line":157,"column":10},"end":{"line":161,"column":12}},"line":157},"26":{"name":"(anonymous_26)","decl":{"start":{"line":160,"column":30},"end":{"line":160,"column":31}},"loc":{"start":{"line":160,"column":36},"end":{"line":160,"column":63}},"line":160}},"branchMap":{"0":{"loc":{"start":{"line":31,"column":4},"end":{"line":35,"column":5}},"type":"if","locations":[{"start":{"line":31,"column":4},"end":{"line":35,"column":5}},{"start":{},"end":{}}],"line":31},"1":{"loc":{"start":{"line":61,"column":35},"end":{"line":61,"column":71}},"type":"cond-expr","locations":[{"start":{"line":61,"column":52},"end":{"line":61,"column":56}},{"start":{"line":61,"column":59},"end":{"line":61,"column":71}}],"line":61},"2":{"loc":{"start":{"line":102,"column":39},"end":{"line":102,"column":65}},"type":"cond-expr","locations":[{"start":{"line":102,"column":54},"end":{"line":102,"column":60}},{"start":{"line":102,"column":63},"end":{"line":102,"column":65}}],"line":102},"3":{"loc":{"start":{"line":103,"column":39},"end":{"line":103,"column":65}},"type":"cond-expr","locations":[{"start":{"line":103,"column":54},"end":{"line":103,"column":56}},{"start":{"line":103,"column":59},"end":{"line":103,"column":65}}],"line":103},"4":{"loc":{"start":{"line":132,"column":22},"end":{"line":134,"column":42}},"type":"cond-expr","locations":[{"start":{"line":133,"column":6},"end":{"line":133,"column":11}},{"start":{"line":134,"column":6},"end":{"line":134,"column":42}}],"line":132},"5":{"loc":{"start":{"line":142,"column":7},"end":{"line":142,"column":27}},"type":"binary-expr","locations":[{"start":{"line":142,"column":7},"end":{"line":142,"column":12}},{"start":{"line":142,"column":16},"end":{"line":142,"column":27}}],"line":142},"6":{"loc":{"start":{"line":143,"column":7},"end":{"line":147,"column":12}},"type":"binary-expr","locations":[{"start":{"line":143,"column":7},"end":{"line":143,"column":11}},{"start":{"line":143,"column":15},"end":{"line":147,"column":12}}],"line":143},"7":{"loc":{"start":{"line":152,"column":16},"end":{"line":152,"column":45}},"type":"cond-expr","locations":[{"start":{"line":152,"column":26},"end":{"line":152,"column":37}},{"start":{"line":152,"column":40},"end":{"line":152,"column":45}}],"line":152}},"s":{"0":0,"1":0,"2":0,"3":0,"4":0,"5":0,"6":0,"7":0,"8":0,"9":0,"10":0,"11":0,"12":0,"13":0,"14":0,"15":0,"16":0,"17":0,"18":0,"19":0,"20":0,"21":0,"22":0,"23":0,"24":0,"25":0,"26":0,"27":0,"28":0,"29":0,"30":0,"31":0,"32":0,"33":0,"34":0,"35":0,"36":0,"37":0,"38":0,"39":0,"40":0,"41":0,"42":0,"43":0,"44":0,"45":0,"46":0,"47":0,"48":0,"49":0,"50":0,"51":0,"52":0,"53":0,"54":0,"55":0,"56":0,"57":0,"58":0,"59":0,"60":0,"61":0,"62":0,"63":0,"64":0,"65":0,"66":0,"67":0},"f":{"0":0,"1":0,"2":0,"3":0,"4":0,"5":0,"6":0,"7":0,"8":0,"9":0,"10":0,"11":0,"12":0,"13":0,"14":0,"15":0,"16":0,"17":0,"18":0,"19":0,"20":0,"21":0,"22":0,"23":0,"24":0,"25":0,"26":0},"b":{"0":[0,0],"1":[0,0],"2":[0,0],"3":[0,0],"4":[0,0],"5":[0,0],"6":[0,0],"7":[0,0]}}
,"D:\\Files\\Codes\\Full-Stack-Open\\follow-throughs\\part5\\frontend\\src\\main.jsx": {"path":"D:\\Files\\Codes\\Full-Stack-Open\\follow-throughs\\part5\\frontend\\src\\main.jsx","statementMap":{"0":{"start":{"line":6,"column":0},"end":{"line":6,"column":67}}},"fnMap":{},"branchMap":{},"s":{"0":0},"f":{},"b":{}}
,"D:\\Files\\Codes\\Full-Stack-Open\\follow-throughs\\part5\\frontend\\src\\components\\Footer.jsx": {"path":"D:\\Files\\Codes\\Full-Stack-Open\\follow-throughs\\part5\\frontend\\src\\components\\Footer.jsx","statementMap":{"0":{"start":{"line":2,"column":15},"end":{"line":17,"column":1}},"1":{"start":{"line":3,"column":22},"end":{"line":7,"column":3}},"2":{"start":{"line":9,"column":2},"end":{"line":15,"column":3}}},"fnMap":{"0":{"name":"(anonymous_0)","decl":{"start":{"line":2,"column":15},"end":{"line":2,"column":16}},"loc":{"start":{"line":2,"column":21},"end":{"line":17,"column":1}},"line":2}},"branchMap":{},"s":{"0":0,"1":0,"2":0},"f":{"0":0},"b":{}}
,"D:\\Files\\Codes\\Full-Stack-Open\\follow-throughs\\part5\\frontend\\src\\components\\LoginForm.jsx": {"path":"D:\\Files\\Codes\\Full-Stack-Open\\follow-throughs\\part5\\frontend\\src\\components\\LoginForm.jsx","statementMap":{"0":{"start":{"line":3,"column":18},"end":{"line":34,"column":1}},"1":{"start":{"line":10,"column":2},"end":{"line":33,"column":3}},"2":{"start":{"line":36,"column":0},"end":{"line":42,"column":1}}},"fnMap":{"0":{"name":"(anonymous_0)","decl":{"start":{"line":3,"column":18},"end":{"line":3,"column":19}},"loc":{"start":{"line":9,"column":6},"end":{"line":34,"column":1}},"line":9}},"branchMap":{},"s":{"0":0,"1":0,"2":0},"f":{"0":0},"b":{}}
,"D:\\Files\\Codes\\Full-Stack-Open\\follow-throughs\\part5\\frontend\\src\\components\\Note.jsx": {"path":"D:\\Files\\Codes\\Full-Stack-Open\\follow-throughs\\part5\\frontend\\src\\components\\Note.jsx","statementMap":{"0":{"start":{"line":1,"column":13},"end":{"line":11,"column":1}},"1":{"start":{"line":2,"column":16},"end":{"line":3,"column":45}},"2":{"start":{"line":5,"column":2},"end":{"line":10,"column":3}}},"fnMap":{"0":{"name":"(anonymous_0)","decl":{"start":{"line":1,"column":13},"end":{"line":1,"column":14}},"loc":{"start":{"line":1,"column":45},"end":{"line":11,"column":1}},"line":1}},"branchMap":{"0":{"loc":{"start":{"line":2,"column":16},"end":{"line":3,"column":45}},"type":"cond-expr","locations":[{"start":{"line":3,"column":6},"end":{"line":3,"column":26}},{"start":{"line":3,"column":29},"end":{"line":3,"column":45}}],"line":2}},"s":{"0":1,"1":2,"2":2},"f":{"0":2},"b":{"0":[2,0]},"_coverageSchema":"1a1c01bbd47fc00a2c39e90264f33305004495a9","hash":"a6e3a6b0aba94ff3450265c9b7898bee39f9ecf7"}
,"D:\\Files\\Codes\\Full-Stack-Open\\follow-throughs\\part5\\frontend\\src\\components\\NoteForm.jsx": {"path":"D:\\Files\\Codes\\Full-Stack-Open\\follow-throughs\\part5\\frontend\\src\\components\\NoteForm.jsx","statementMap":{"0":{"start":{"line":3,"column":17},"end":{"line":29,"column":1}},"1":{"start":{"line":4,"column":32},"end":{"line":4,"column":44}},"2":{"start":{"line":6,"column":18},"end":{"line":14,"column":3}},"3":{"start":{"line":7,"column":4},"end":{"line":7,"column":26}},"4":{"start":{"line":8,"column":4},"end":{"line":11,"column":6}},"5":{"start":{"line":13,"column":4},"end":{"line":13,"column":18}},"6":{"start":{"line":16,"column":2},"end":{"line":28,"column":3}},"7":{"start":{"line":23,"column":29},"end":{"line":23,"column":59}}},"fnMap":{"0":{"name":"(anonymous_0)","decl":{"start":{"line":3,"column":17},"end":{"line":3,"column":18}},"loc":{"start":{"line":3,"column":37},"end":{"line":29,"column":1}},"line":3},"1":{"name":"(anonymous_1)","decl":{"start":{"line":6,"column":18},"end":{"line":6,"column":19}},"loc":{"start":{"line":6,"column":29},"end":{"line":14,"column":3}},"line":6},"2":{"name":"(anonymous_2)","decl":{"start":{"line":23,"column":20},"end":{"line":23,"column":21}},"loc":{"start":{"line":23,"column":29},"end":{"line":23,"column":59}},"line":23}},"branchMap":{},"s":{"0":1,"1":19,"2":19,"3":1,"4":1,"5":1,"6":19,"7":17},"f":{"0":19,"1":1,"2":17},"b":{},"_coverageSchema":"1a1c01bbd47fc00a2c39e90264f33305004495a9","hash":"fb372fb651e34ea59924b2d93d3daf9b5bb33bbf"}
,"D:\\Files\\Codes\\Full-Stack-Open\\follow-throughs\\part5\\frontend\\src\\components\\Notification.jsx": {"path":"D:\\Files\\Codes\\Full-Stack-Open\\follow-throughs\\part5\\frontend\\src\\components\\Notification.jsx","statementMap":{"0":{"start":{"line":1,"column":21},"end":{"line":10,"column":1}},"1":{"start":{"line":2,"column":2},"end":{"line":4,"column":3}},"2":{"start":{"line":3,"column":4},"end":{"line":3,"column":15}},"3":{"start":{"line":5,"column":2},"end":{"line":9,"column":3}}},"fnMap":{"0":{"name":"(anonymous_0)","decl":{"start":{"line":1,"column":21},"end":{"line":1,"column":22}},"loc":{"start":{"line":1,"column":38},"end":{"line":10,"column":1}},"line":1}},"branchMap":{"0":{"loc":{"start":{"line":2,"column":2},"end":{"line":4,"column":3}},"type":"if","locations":[{"start":{"line":2,"column":2},"end":{"line":4,"column":3}},{"start":{},"end":{}}],"line":2}},"s":{"0":0,"1":0,"2":0,"3":0},"f":{"0":0},"b":{"0":[0,0]}}
,"D:\\Files\\Codes\\Full-Stack-Open\\follow-throughs\\part5\\frontend\\src\\components\\Togglable.jsx": {"path":"D:\\Files\\Codes\\Full-Stack-Open\\follow-throughs\\part5\\frontend\\src\\components\\Togglable.jsx","statementMap":{"0":{"start":{"line":4,"column":18},"end":{"line":29,"column":2}},"1":{"start":{"line":5,"column":32},"end":{"line":5,"column":47}},"2":{"start":{"line":7,"column":26},"end":{"line":7,"column":60}},"3":{"start":{"line":8,"column":26},"end":{"line":8,"column":60}},"4":{"start":{"line":10,"column":27},"end":{"line":12,"column":3}},"5":{"start":{"line":11,"column":4},"end":{"line":11,"column":24}},"6":{"start":{"line":14,"column":2},"end":{"line":16,"column":4}},"7":{"start":{"line":15,"column":4},"end":{"line":15,"column":31}},"8":{"start":{"line":18,"column":2},"end":{"line":28,"column":3}},"9":{"start":{"line":31,"column":0},"end":{"line":31,"column":35}},"10":{"start":{"line":33,"column":0},"end":{"line":35,"column":1}}},"fnMap":{"0":{"name":"(anonymous_0)","decl":{"start":{"line":4,"column":29},"end":{"line":4,"column":30}},"loc":{"start":{"line":4,"column":46},"end":{"line":29,"column":1}},"line":4},"1":{"name":"(anonymous_1)","decl":{"start":{"line":10,"column":27},"end":{"line":10,"column":28}},"loc":{"start":{"line":10,"column":33},"end":{"line":12,"column":3}},"line":10},"2":{"name":"(anonymous_2)","decl":{"start":{"line":14,"column":28},"end":{"line":14,"column":29}},"loc":{"start":{"line":14,"column":34},"end":{"line":16,"column":3}},"line":14}},"branchMap":{"0":{"loc":{"start":{"line":7,"column":37},"end":{"line":7,"column":58}},"type":"cond-expr","locations":[{"start":{"line":7,"column":47},"end":{"line":7,"column":53}},{"start":{"line":7,"column":56},"end":{"line":7,"column":58}}],"line":7},"1":{"loc":{"start":{"line":8,"column":37},"end":{"line":8,"column":58}},"type":"cond-expr","locations":[{"start":{"line":8,"column":47},"end":{"line":8,"column":49}},{"start":{"line":8,"column":52},"end":{"line":8,"column":58}}],"line":8}},"s":{"0":1,"1":7,"2":7,"3":7,"4":7,"5":3,"6":7,"7":0,"8":7,"9":1,"10":1},"f":{"0":7,"1":3,"2":0},"b":{"0":[2,5],"1":[2,5]},"_coverageSchema":"1a1c01bbd47fc00a2c39e90264f33305004495a9","hash":"ccf96255c9145ada8a5a2695f60ff78805bda156"}
,"D:\\Files\\Codes\\Full-Stack-Open\\follow-throughs\\part5\\frontend\\src\\services\\login.js": {"path":"D:\\Files\\Codes\\Full-Stack-Open\\follow-throughs\\part5\\frontend\\src\\services\\login.js","statementMap":{"0":{"start":{"line":2,"column":16},"end":{"line":2,"column":28}},"1":{"start":{"line":4,"column":14},"end":{"line":7,"column":1}},"2":{"start":{"line":5,"column":19},"end":{"line":5,"column":57}},"3":{"start":{"line":6,"column":2},"end":{"line":6,"column":22}}},"fnMap":{"0":{"name":"(anonymous_0)","decl":{"start":{"line":4,"column":14},"end":{"line":4,"column":15}},"loc":{"start":{"line":4,"column":37},"end":{"line":7,"column":1}},"line":4}},"branchMap":{},"s":{"0":0,"1":0,"2":0,"3":0},"f":{"0":0},"b":{}}
,"D:\\Files\\Codes\\Full-Stack-Open\\follow-throughs\\part5\\frontend\\src\\services\\notes.js": {"path":"D:\\Files\\Codes\\Full-Stack-Open\\follow-throughs\\part5\\frontend\\src\\services\\notes.js","statementMap":{"0":{"start":{"line":2,"column":16},"end":{"line":2,"column":28}},"1":{"start":{"line":4,"column":12},"end":{"line":4,"column":16}},"2":{"start":{"line":6,"column":17},"end":{"line":8,"column":1}},"3":{"start":{"line":7,"column":2},"end":{"line":7,"column":30}},"4":{"start":{"line":10,"column":15},"end":{"line":13,"column":1}},"5":{"start":{"line":11,"column":18},"end":{"line":11,"column":36}},"6":{"start":{"line":12,"column":2},"end":{"line":12,"column":48}},"7":{"start":{"line":12,"column":34},"end":{"line":12,"column":47}},"8":{"start":{"line":15,"column":15},"end":{"line":21,"column":1}},"9":{"start":{"line":16,"column":17},"end":{"line":18,"column":3}},"10":{"start":{"line":19,"column":18},"end":{"line":19,"column":56}},"11":{"start":{"line":20,"column":2},"end":{"line":20,"column":48}},"12":{"start":{"line":20,"column":34},"end":{"line":20,"column":47}},"13":{"start":{"line":23,"column":15},"end":{"line":27,"column":1}},"14":{"start":{"line":24,"column":18},"end":{"line":24,"column":58}},"15":{"start":{"line":25,"column":2},"end":{"line":25,"column":48}},"16":{"start":{"line":25,"column":34},"end":{"line":25,"column":47}}},"fnMap":{"0":{"name":"(anonymous_0)","decl":{"start":{"line":6,"column":17},"end":{"line":6,"column":18}},"loc":{"start":{"line":6,"column":29},"end":{"line":8,"column":1}},"line":6},"1":{"name":"(anonymous_1)","decl":{"start":{"line":10,"column":15},"end":{"line":10,"column":16}},"loc":{"start":{"line":10,"column":21},"end":{"line":13,"column":1}},"line":10},"2":{"name":"(anonymous_2)","decl":{"start":{"line":12,"column":22},"end":{"line":12,"column":23}},"loc":{"start":{"line":12,"column":34},"end":{"line":12,"column":47}},"line":12},"3":{"name":"(anonymous_3)","decl":{"start":{"line":15,"column":15},"end":{"line":15,"column":16}},"loc":{"start":{"line":15,"column":30},"end":{"line":21,"column":1}},"line":15},"4":{"name":"(anonymous_4)","decl":{"start":{"line":20,"column":22},"end":{"line":20,"column":23}},"loc":{"start":{"line":20,"column":34},"end":{"line":20,"column":47}},"line":20},"5":{"name":"(anonymous_5)","decl":{"start":{"line":23,"column":15},"end":{"line":23,"column":16}},"loc":{"start":{"line":23,"column":34},"end":{"line":27,"column":1}},"line":23},"6":{"name":"(anonymous_6)","decl":{"start":{"line":25,"column":22},"end":{"line":25,"column":23}},"loc":{"start":{"line":25,"column":34},"end":{"line":25,"column":47}},"line":25}},"branchMap":{},"s":{"0":0,"1":0,"2":0,"3":0,"4":0,"5":0,"6":0,"7":0,"8":0,"9":0,"10":0,"11":0,"12":0,"13":0,"14":0,"15":0,"16":0},"f":{"0":0,"1":0,"2":0,"3":0,"4":0,"5":0,"6":0},"b":{}}
}
